0 info it worked if it ends with ok
1 verbose cli [ '/Users/rfairchild/.nvm/v0.10.26/bin/node',
1 verbose cli   '/Users/rfairchild/.nvm/v0.10.26/bin/npm',
1 verbose cli   'install',
1 verbose cli   'ui-font' ]
2 info using npm@1.4.3
3 info using node@v0.10.26
4 warn package.json ui-table@0.0.0 No repository field.
5 verbose readDependencies using package.json deps
6 verbose cache add [ 'ui-font', null ]
7 verbose cache add name=undefined spec="ui-font" args=["ui-font",null]
8 verbose parsed url { protocol: null,
8 verbose parsed url   slashes: null,
8 verbose parsed url   auth: null,
8 verbose parsed url   host: null,
8 verbose parsed url   port: null,
8 verbose parsed url   hostname: null,
8 verbose parsed url   hash: null,
8 verbose parsed url   search: null,
8 verbose parsed url   query: null,
8 verbose parsed url   pathname: 'ui-font',
8 verbose parsed url   path: 'ui-font',
8 verbose parsed url   href: 'ui-font' }
9 silly lockFile b5cf9689-ui-font ui-font
10 verbose lock ui-font /Users/rfairchild/.npm/b5cf9689-ui-font.lock
11 silly lockFile b5cf9689-ui-font ui-font
12 silly lockFile b5cf9689-ui-font ui-font
13 verbose addNamed [ 'ui-font', '' ]
14 verbose addNamed [ null, '*' ]
15 silly lockFile acd68714-ui-font ui-font@
16 verbose lock ui-font@ /Users/rfairchild/.npm/acd68714-ui-font.lock
17 silly addNameRange { name: 'ui-font', range: '*', hasData: false }
18 verbose url raw ui-font
19 verbose url resolving [ 'http://registry.npmjs.org/', './ui-font' ]
20 verbose url resolved http://registry.npmjs.org/ui-font
21 info trying registry request attempt 1 at 02:31:44
22 http GET http://registry.npmjs.org/ui-font
23 http 404 http://registry.npmjs.org/ui-font
24 silly registry.get cb [ 404,
24 silly registry.get   { server: 'CouchDB/1.5.0 (Erlang OTP/R16B03)',
24 silly registry.get     'content-type': 'application/json',
24 silly registry.get     'cache-control': 'max-age=0',
24 silly registry.get     'content-length': '52',
24 silly registry.get     'accept-ranges': 'bytes',
24 silly registry.get     date: 'Wed, 01 Oct 2014 06:31:44 GMT',
24 silly registry.get     via: '1.1 varnish',
24 silly registry.get     age: '0',
24 silly registry.get     connection: 'keep-alive',
24 silly registry.get     'x-served-by': 'cache-atl6233-ATL',
24 silly registry.get     'x-cache': 'MISS',
24 silly registry.get     'x-cache-hits': '0',
24 silly registry.get     'x-timer': 'S1412145104.228497,VS0,VE312' } ]
25 silly lockFile acd68714-ui-font ui-font@
26 silly lockFile acd68714-ui-font ui-font@
27 error 404 'ui-font' is not in the npm registry.
27 error 404 You should bug the author to publish it
27 error 404 It was specified as a dependency of 'ui-table'
27 error 404
27 error 404 Note that you can also install from a
27 error 404 tarball, folder, or http url, or git url.
28 error System Darwin 13.1.0
29 error command "/Users/rfairchild/.nvm/v0.10.26/bin/node" "/Users/rfairchild/.nvm/v0.10.26/bin/npm" "install" "ui-font"
30 error cwd /Users/rfairchild/code/ui-table
31 error node -v v0.10.26
32 error npm -v 1.4.3
33 error code E404
34 verbose exit [ 1, true ]
